<?xml version="1.0" encoding="UTF-8"?>
<testsuite name="com.techyourchance.unittestingfundamentals.exercise3.IntervalsAdjacencyDetectorTest" tests="8" skipped="0" failures="0" errors="0" timestamp="2022-03-06T16:50:04" hostname="Luis-Lugo.local" time="0.009">
  <properties/>
  <testcase name="isAdjacent_interval1StartsAdjacentlyWithInterval2Ends_returnTrue" classname="com.techyourchance.unittestingfundamentals.exercise3.IntervalsAdjacencyDetectorTest" time="0.005"/>
  <testcase name="isAdjacent_interval1AfterInterval2_returnTrue" classname="com.techyourchance.unittestingfundamentals.exercise3.IntervalsAdjacencyDetectorTest" time="0.0"/>
  <testcase name="isAdjacent_interval1EndsAdjacentlyWithInterval2Starts_returnTrue" classname="com.techyourchance.unittestingfundamentals.exercise3.IntervalsAdjacencyDetectorTest" time="0.0"/>
  <testcase name="isAdjacent_interval1EndsAfterInterval2Ends_returnFalse" classname="com.techyourchance.unittestingfundamentals.exercise3.IntervalsAdjacencyDetectorTest" time="0.0"/>
  <testcase name="isAdjacent_interval1StartsAfterInterval2Starts_returnFalse" classname="com.techyourchance.unittestingfundamentals.exercise3.IntervalsAdjacencyDetectorTest" time="0.0"/>
  <testcase name="isAdjacent_interval1BeforeInterval2_returnFalse" classname="com.techyourchance.unittestingfundamentals.exercise3.IntervalsAdjacencyDetectorTest" time="0.0"/>
  <testcase name="isAdjacent_interval1AndInterval2Equal_returnFalse" classname="com.techyourchance.unittestingfundamentals.exercise3.IntervalsAdjacencyDetectorTest" time="0.0"/>
  <testcase name="isAdjacent_interval1StartsBeforeInterval2Starts_returnFalse" classname="com.techyourchance.unittestingfundamentals.exercise3.IntervalsAdjacencyDetectorTest" time="0.0"/>
  <system-out><![CDATA[]]></system-out>
  <system-err><![CDATA[]]></system-err>
</testsuite>
