<?xml version="1.0" encoding="UTF-8"?>
<testsuite name="com.techyourchance.testdoublesfundamentals.exercise4.FetchUserProfileUseCaseSyncTest" tests="5" skipped="0" failures="0" errors="0" timestamp="2022-03-07T20:27:16" hostname="iMac-de-Luis.local" time="0.007">
  <properties/>
  <testcase name="fetchUserProfile_userProfileFails_generalError" classname="com.techyourchance.testdoublesfundamentals.exercise4.FetchUserProfileUseCaseSyncTest" time="0.005"/>
  <testcase name="fetchUserProfile_userProfileFails_authError" classname="com.techyourchance.testdoublesfundamentals.exercise4.FetchUserProfileUseCaseSyncTest" time="0.0"/>
  <testcase name="fetchUserProfile_userProfileFails_serverError" classname="com.techyourchance.testdoublesfundamentals.exercise4.FetchUserProfileUseCaseSyncTest" time="0.0"/>
  <testcase name="fetchUserProfile_userProfileSuccess_interactionWithAPI" classname="com.techyourchance.testdoublesfundamentals.exercise4.FetchUserProfileUseCaseSyncTest" time="0.001"/>
  <testcase name="fetchUserProfile_userProfileFails_networkError" classname="com.techyourchance.testdoublesfundamentals.exercise4.FetchUserProfileUseCaseSyncTest" time="0.0"/>
  <system-out><![CDATA[]]></system-out>
  <system-err><![CDATA[]]></system-err>
</testsuite>
